<?xml version="1.0" encoding="UTF-8"?>
<!-- Generated by org.testng.reporters.JUnitReportReporter -->
<testsuite hostname="DESKTOP-PMUODVE" failures="0" tests="1" name="com.apex.samples.test.UserApiDELETE_test" time="1.406" errors="0" timestamp="2022-02-15T23:29:55 PST" skipped="0">
  <testcase classname="com.apex.samples.test.UserApiDELETE_test" name="deleteUser_SuccessData" time="1.406"/>
  <system-out/>
</testsuite> <!-- com.apex.samples.test.UserApiDELETE_test -->
