<?xml version="1.0" encoding="UTF-8"?>
<!-- Generated by org.testng.reporters.JUnitReportReporter -->
<testsuite hostname="DESKTOP-PMUODVE" failures="0" tests="1" name="com.apex.samples.test.UserApiPost_test" time="0.029" errors="0" timestamp="2022-07-14T16:36:28 PDT" skipped="0">
  <testcase classname="com.apex.samples.test.UserApiPost_test" name="getUserObjectfromJson" time="0.029"/>
  <system-out/>
</testsuite> <!-- com.apex.samples.test.UserApiPost_test -->
