<?xml version="1.0" encoding="UTF-8"?>
<!-- Generated by org.testng.reporters.JUnitReportReporter -->
<testsuite hostname="DESKTOP-PMUODVE" failures="0" tests="3" name="com.apex.samples.test.UserApiGET_test" time="4.273" errors="0" timestamp="2022-03-03T17:30:48 PST" skipped="0">
  <testcase classname="com.apex.samples.test.UserApiGET_test" name="testGetwithSuccessData" time="1.177"/>
  <system-out/>
  <testcase classname="com.apex.samples.test.UserApiGET_test" name="testGetwithSuccessData" time="1.169"/>
  <system-out/>
  <testcase classname="com.apex.samples.test.UserApiGET_test" name="testGetwithBlank" time="1.927"/>
  <system-out/>
</testsuite> <!-- com.apex.samples.test.UserApiGET_test -->
