<?xml version="1.0" encoding="UTF-8"?>
<!-- Generated by org.testng.reporters.JUnitReportReporter -->
<testsuite hostname="DESKTOP-PMUODVE" failures="0" tests="1" name="com.apex.samples.test.UserApiPUT_test" time="1.592" errors="0" timestamp="2022-02-15T23:17:40 PST" skipped="0">
  <testcase classname="com.apex.samples.test.UserApiPUT_test" name="updateUserWithSuccessData" time="1.592"/>
  <system-out/>
</testsuite> <!-- com.apex.samples.test.UserApiPUT_test -->
